<?xml version="1.0" encoding="UTF-8"?>
<!-- Generated by org.testng.reporters.JUnitXMLReporter -->
<testsuite ignored="1" hostname="bkher-C02GJ28QMD6N" failures="0" tests="6" name="Test2" time="10.999" errors="0" timestamp="24 Jan 2022 12:06:50 GMT">
  <testcase classname="practiceTest.TestSignUpPage" name="VerifyHeaderext" time="0.849"/>
  <testcase classname="practiceTest.TestSignUpPage" name="CheckSignupButton" time="1.935"/>
  <testcase classname="practiceTest.TestSignUpPage" name="CheckSignupButtonAllFieldEmpty" time="0.35"/>
  <testcase classname="practiceTest.TestSignUpPage" name="CheckSignupButtonWhenEmilIsEntered" time="1.785"/>
  <testcase classname="practiceTest.TestSignUpPage" name="CheckSignupButtonWhenPasswordIsEntered" time="2.187"/>
  <testcase classname="practiceTest.TestSignUpPage" name="CheckSignupButtonWithValidData" time="1.983"/>
  <testcase classname="practiceTest.TestSignUpPage" name="LoginWithvalidCredentials" time="0.0">
    <ignored/>
  </testcase> <!-- LoginWithvalidCredentials -->
</testsuite> <!-- Test2 -->
