<?xml version="1.0" encoding="UTF-8"?>
<!-- Generated by org.testng.reporters.JUnitXMLReporter -->
<testsuite ignored="0" hostname="bkher-C02GJ28QMD6N" failures="0" tests="5" name="Test" time="10.499" errors="0" timestamp="24 Jan 2022 12:06:22 GMT">
  <testcase classname="practiceTest.TestAlertUrlPage" name="LoginWithInvalidCredentials" time="1.496"/>
  <testcase classname="practiceTest.TestAlertUrlPage" name="LoginWithEmptyusernameCredentials" time="0.976"/>
  <testcase classname="practiceTest.TestAlertUrlPage" name="LoginWithEmptypasswordCredentials" time="0.936"/>
  <testcase classname="practiceTest.TestAlertUrlPage" name="LoginWithEmptyusernamePasswordCredentials" time="0.927"/>
  <testcase classname="practiceTest.TestAlertUrlPage" name="LoginWithvalidCredentials" time="3.409"/>
</testsuite> <!-- Test -->
