<?xml version="1.0" encoding="UTF-8"?>
<testsuite xmlns:xsi="http://www.w3.org/2001/XMLSchema-instance" xsi:noNamespaceSchemaLocation="https://maven.apache.org/surefire/maven-surefire-plugin/xsd/surefire-test-report-3.0.xsd" version="3.0" name="TestSuite" time="45.119" tests="13" errors="0" skipped="0" failures="0">
  <properties>
[...]
</properties>
  <testcase name="LoginWithInvalidCredentials" classname="practiceTest.TestAlertUrlPage" time="1.489">
    <system-out><![CDATA[...
... TestNG 6.14.3 by Cédric Beust (cedric@beust.com)
...

2022-01-24 17:36:11 INFO  Log:28 - Chrome Browser opened
2022-01-24 17:36:11 INFO  Log:28 - Chrome Browser miximized
2022-01-24 17:36:11 INFO  Log:13 - ----------------------------------------------------------------
2022-01-24 17:36:11 INFO  Log:14 -            Testcase Execution Started For TestSignUpPage
2022-01-24 17:36:11 INFO  Log:15 - ----------------------------------------------------------------
2022-01-24 17:36:11 INFO  Log:13 - ----------------------------------------------------------------
2022-01-24 17:36:11 INFO  Log:14 -            Testcase Execution Started For org.testng.TestRunner
2022-01-24 17:36:11 INFO  Log:15 - ----------------------------------------------------------------
2022-01-24 17:36:11 INFO  Log:13 - ----------------------------------------------------------------
2022-01-24 17:36:11 INFO  Log:14 -            Testcase Execution Started For TestAlertUrlPage
2022-01-24 17:36:11 INFO  Log:15 - ----------------------------------------------------------------
2022-01-24 17:36:12 INFO  Log:28 - Enter invalid credentials on alert pop up
2022-01-24 17:36:13 INFO  Log:28 - page is loaded with https://candidatex1:qa-is-cool1@qa-task.backbasecloud.com/'
]]></system-out>
    <system-err><![CDATA[SLF4J: Failed to load class "org.slf4j.impl.StaticLoggerBinder".
SLF4J: Defaulting to no-operation (NOP) logger implementation
SLF4J: See http://www.slf4j.org/codes.html#StaticLoggerBinder for further details.
Jan 24, 2022 5:36:08 PM org.openqa.selenium.remote.DesiredCapabilities chrome
INFO: Using `new ChromeOptions()` is preferred to `DesiredCapabilities.chrome()`
Starting ChromeDriver 97.0.4692.71 (adefa7837d02a07a604c1e6eff0b3a09422ab88d-refs/branch-heads/4692@{#1247}) on port 23871
Only local connections are allowed.
Please see https://chromedriver.chromium.org/security-considerations for suggestions on keeping ChromeDriver safe.
ChromeDriver was started successfully.
Jan 24, 2022 5:36:09 PM org.openqa.selenium.json.JsonOutput lambda$new$14
WARNING: Attempt to convert JsonElement from GSON. This functionality is deprecated. Diagnostic stacktrace follows
org.openqa.selenium.json.JsonException: Stack trace to determine cause of warning
Build info: version: '3.141.59', revision: 'e82be7d358', time: '2018-11-14T08:17:03'
System info: host: 'bkher-C02GJ28QMD6N', ip: '2405:205:c881:b86d:5c51:8400:be1:b2a8%en0', os.name: 'Mac OS X', os.arch: 'x86_64', os.version: '11.6', java.version: '17.0.1'
Driver info: driver.version: ChromeDriver
	at org.openqa.selenium.json.JsonOutput.lambda$new$14(JsonOutput.java:145)
	at org.openqa.selenium.json.JsonOutput.write(JsonOutput.java:264)
	at org.openqa.selenium.json.JsonOutput.convertUsingMethod(JsonOutput.java:330)
	at org.openqa.selenium.json.JsonOutput.lambda$new$16(JsonOutput.java:155)
	at org.openqa.selenium.json.JsonOutput.write(JsonOutput.java:264)
	at org.openqa.selenium.json.JsonOutput.lambda$null$23(JsonOutput.java:177)
	at java.base/java.util.TreeMap.forEach(TreeMap.java:1282)
	at java.base/java.util.Collections$UnmodifiableMap.forEach(Collections.java:1553)
	at org.openqa.selenium.json.JsonOutput.lambda$new$24(JsonOutput.java:176)
	at org.openqa.selenium.json.JsonOutput.write(JsonOutput.java:264)
	at org.openqa.selenium.json.JsonOutput.lambda$null$23(JsonOutput.java:177)
	at com.google.common.collect.SingletonImmutableBiMap.forEach(SingletonImmutableBiMap.java:65)
	at org.openqa.selenium.json.JsonOutput.lambda$new$24(JsonOutput.java:176)
	at org.openqa.selenium.json.JsonOutput.write(JsonOutput.java:264)
	at org.openqa.selenium.json.JsonOutput.write(JsonOutput.java:255)
	at org.openqa.selenium.json.Json.toJson(Json.java:42)
	at org.openqa.selenium.remote.NewSessionPayload.create(NewSessionPayload.java:100)
	at org.openqa.selenium.remote.NewSessionPayload.create(NewSessionPayload.java:94)
	at org.openqa.selenium.remote.ProtocolHandshake.createSession(ProtocolHandshake.java:68)
	at org.openqa.selenium.remote.HttpCommandExecutor.execute(HttpCommandExecutor.java:136)
	at org.openqa.selenium.remote.service.DriverCommandExecutor.execute(DriverCommandExecutor.java:83)
	at org.openqa.selenium.remote.RemoteWebDriver.execute(RemoteWebDriver.java:552)
	at org.openqa.selenium.remote.RemoteWebDriver.startSession(RemoteWebDriver.java:213)
	at org.openqa.selenium.remote.RemoteWebDriver.<init>(RemoteWebDriver.java:131)
	at org.openqa.selenium.chrome.ChromeDriver.<init>(ChromeDriver.java:170)
	at org.openqa.selenium.chrome.ChromeDriver.<init>(ChromeDriver.java:159)
	at org.openqa.selenium.chrome.ChromeDriver.<init>(ChromeDriver.java:116)
	at commonPackage.BaseClass.OpenBrowser(BaseClass.java:94)
	at java.base/jdk.internal.reflect.NativeMethodAccessorImpl.invoke0(Native Method)
	at java.base/jdk.internal.reflect.NativeMethodAccessorImpl.invoke(NativeMethodAccessorImpl.java:77)
	at java.base/jdk.internal.reflect.DelegatingMethodAccessorImpl.invoke(DelegatingMethodAccessorImpl.java:43)
	at java.base/java.lang.reflect.Method.invoke(Method.java:568)
	at org.testng.internal.MethodInvocationHelper.invokeMethod(MethodInvocationHelper.java:124)
	at org.testng.internal.MethodInvocationHelper.invokeMethodConsideringTimeout(MethodInvocationHelper.java:59)
	at org.testng.internal.Invoker.invokeConfigurationMethod(Invoker.java:458)
	at org.testng.internal.Invoker.invokeConfigurations(Invoker.java:222)
	at org.testng.internal.Invoker.invokeConfigurations(Invoker.java:142)
	at org.testng.SuiteRunner.privateRun(SuiteRunner.java:401)
	at org.testng.SuiteRunner.run(SuiteRunner.java:364)
	at org.testng.SuiteRunnerWorker.runSuite(SuiteRunnerWorker.java:52)
	at org.testng.SuiteRunnerWorker.run(SuiteRunnerWorker.java:84)
	at org.testng.TestNG.runSuitesSequentially(TestNG.java:1208)
	at org.testng.TestNG.runSuitesLocally(TestNG.java:1137)
	at org.testng.TestNG.runSuites(TestNG.java:1049)
	at org.testng.TestNG.run(TestNG.java:1017)
	at org.apache.maven.surefire.testng.TestNGExecutor.run(TestNGExecutor.java:284)
	at org.apache.maven.surefire.testng.TestNGXmlTestSuite.execute(TestNGXmlTestSuite.java:75)
	at org.apache.maven.surefire.testng.TestNGProvider.invoke(TestNGProvider.java:119)
	at org.apache.maven.surefire.booter.ForkedBooter.runSuitesInProcess(ForkedBooter.java:428)
	at org.apache.maven.surefire.booter.ForkedBooter.execute(ForkedBooter.java:162)
	at org.apache.maven.surefire.booter.ForkedBooter.run(ForkedBooter.java:562)
	at org.apache.maven.surefire.booter.ForkedBooter.main(ForkedBooter.java:548)

Jan 24, 2022 5:36:11 PM org.openqa.selenium.remote.ProtocolHandshake createSession
INFO: Detected dialect: W3C
]]></system-err>
  </testcase>
  <testcase name="LoginWithEmptyusernameCredentials" classname="practiceTest.TestAlertUrlPage" time="0.975">
    <system-out><![CDATA[2022-01-24 17:36:14 INFO  Log:28 - Testcase Enter invalid credentials on alert pop up passed
2022-01-24 17:36:14 INFO  Log:28 - Enter valid password and empty username on alert pop up
2022-01-24 17:36:15 INFO  Log:28 - page is loaded with https://  :qa-is-cool@qa-task.backbasecloud.com/'
]]></system-out>
  </testcase>
  <testcase name="LoginWithEmptypasswordCredentials" classname="practiceTest.TestAlertUrlPage" time="0.936">
    <system-out><![CDATA[2022-01-24 17:36:15 INFO  Log:28 - Testcase Enter valid password and empty username on alert pop up passed
2022-01-24 17:36:15 INFO  Log:28 - Enter valid username and empty password on alert pop up
2022-01-24 17:36:16 INFO  Log:28 - page is loaded with https://candidatex  :@qa-task.backbasecloud.com/'
]]></system-out>
  </testcase>
  <testcase name="LoginWithEmptyusernamePasswordCredentials" classname="practiceTest.TestAlertUrlPage" time="0.928">
    <system-out><![CDATA[2022-01-24 17:36:16 INFO  Log:28 - Testcase Enter valid username and empty password on alert pop up passed
2022-01-24 17:36:17 INFO  Log:28 - empty username and empty password on alert pop up
2022-01-24 17:36:17 INFO  Log:28 - page is loaded with https://  :@qa-task.backbasecloud.com/'
]]></system-out>
  </testcase>
  <testcase name="LoginWithvalidCredentials" classname="practiceTest.TestAlertUrlPage" time="3.408">
    <system-out><![CDATA[2022-01-24 17:36:17 INFO  Log:28 - Testcase empty username and empty password on alert pop up passed
2022-01-24 17:36:18 INFO  Log:28 - Enter valid credentials on alert pop up
2022-01-24 17:36:21 INFO  Log:28 - Title is displyed and title is Conduit
]]></system-out>
  </testcase>
  <testcase name="verifyHomepageLinks" classname="practiceTest.TestHomePageBeforeLogin" time="4.985">
    <system-out><![CDATA[2022-01-24 17:36:21 INFO  Log:28 - Testcase Enter valid credentials on alert pop up passed
2022-01-24 17:36:22 INFO  Log:13 - ----------------------------------------------------------------
2022-01-24 17:36:22 INFO  Log:14 -            Testcase Execution Started For org.testng.TestRunner
2022-01-24 17:36:22 INFO  Log:15 - ----------------------------------------------------------------
2022-01-24 17:36:22 INFO  Log:13 - ----------------------------------------------------------------
2022-01-24 17:36:22 INFO  Log:14 -            Testcase Execution Started For TestHomePageBeforeLogin
2022-01-24 17:36:22 INFO  Log:15 - ----------------------------------------------------------------
2022-01-24 17:36:22 INFO  Log:28 - Check All hoempage links
2022-01-24 17:36:22 INFO  Log:28 - Element is displayed, 
 Element Text is 'Global Feed'
2022-01-24 17:36:22 INFO  Log:28 - Global Feed tab is enabled
2022-01-24 17:36:23 INFO  Log:28 - Element is displayed, 
 Element Text is 'Your Feed'
2022-01-24 17:36:23 INFO  Log:28 - Your Feed tab is enabled
2022-01-24 17:36:23 INFO  Log:28 - Element is displayed, 
 Element Text is 'Sign in'
2022-01-24 17:36:24 INFO  Log:28 - Sign In link is enabled
2022-01-24 17:36:24 INFO  Log:28 - Element is displayed, 
 Element Text is 'Sign up'
2022-01-24 17:36:25 INFO  Log:28 - Sign up link is enabled
2022-01-24 17:36:25 INFO  Log:28 - Element is displayed, 
 Element Text is 'Home'
2022-01-24 17:36:25 INFO  Log:28 - home link is enabled
2022-01-24 17:36:26 ERROR Log:38 - Popular Tags is not same as null
2022-01-24 17:36:26 INFO  Log:28 - conduit Logo is displayed
]]></system-out>
  </testcase>
  <testcase name="VerifyYourfeedtab" classname="practiceTest.TestHomePageBeforeLogin" time="10.478">
    <system-out><![CDATA[2022-01-24 17:36:27 INFO  Log:28 - Testcase Check All hoempage links passed
2022-01-24 17:36:27 INFO  Log:28 - Check All hoempage links
2022-01-24 17:36:37 INFO  Log:28 - able to click on element Proxy element for: DefaultElementLocator 'By.xpath: //a[contains(text(),'Your Feed')]'
2022-01-24 17:36:37 INFO  Log:28 - Element is displayed, 
 Element Text is 'Sign in'
]]></system-out>
  </testcase>
  <testcase name="VerifyHeaderext" classname="practiceTest.TestSignUpPage" time="0.848">
    <system-out><![CDATA[2022-01-24 17:36:38 INFO  Log:28 - Testcase Check All hoempage links passed
2022-01-24 17:36:39 INFO  Log:13 - ----------------------------------------------------------------
2022-01-24 17:36:39 INFO  Log:14 -            Testcase Execution Started For org.testng.TestRunner
2022-01-24 17:36:39 INFO  Log:15 - ----------------------------------------------------------------
2022-01-24 17:36:39 INFO  Log:13 - ----------------------------------------------------------------
2022-01-24 17:36:39 INFO  Log:14 -            Testcase Execution Started For TestSignUpPage
2022-01-24 17:36:39 INFO  Log:15 - ----------------------------------------------------------------
2022-01-24 17:36:39 INFO  Log:28 - Verify the header text of Sign Up
2022-01-24 17:36:39 INFO  Log:28 - able to click on element [[ChromeDriver: chrome on MAC (af9d150b3a93a6a1214324cd3b4b54de)] -> xpath: //a[contains(text(),'Sign up')]]
2022-01-24 17:36:39 INFO  Log:28 - Element is displayed, 
 Element Text is 'Sign up'
2022-01-24 17:36:40 INFO  Log:28 - Element is displayed, 
 Element Text is 'Have an account?'
]]></system-out>
  </testcase>
  <testcase name="CheckSignupButton" classname="practiceTest.TestSignUpPage" time="1.936">
    <system-out><![CDATA[2022-01-24 17:36:40 INFO  Log:28 - Testcase Verify the header text of Sign Up passed
2022-01-24 17:36:40 INFO  Log:28 - Verify the sign up button when entering invalid username and keep other field empoty
2022-01-24 17:36:40 INFO  Log:28 - able to enter text oyBcyzZ on username
2022-01-24 17:36:41 INFO  Log:28 - Signup button is not enabled
2022-01-24 17:36:41 INFO  Log:28 - clear  Emal textBox
2022-01-24 17:36:41 INFO  Log:28 - clear  username textBox
2022-01-24 17:36:42 INFO  Log:28 - clear  password textBox
]]></system-out>
  </testcase>
  <testcase name="CheckSignupButtonAllFieldEmpty" classname="practiceTest.TestSignUpPage" time="0.35">
    <system-out><![CDATA[2022-01-24 17:36:42 INFO  Log:28 - Testcase Verify the sign up button when entering invalid username and keep other field empoty passed
2022-01-24 17:36:42 INFO  Log:28 - Verify  and validate the sign up page functionality when all the fields are empty.
2022-01-24 17:36:42 INFO  Log:28 - Signup button is not enabled
]]></system-out>
  </testcase>
  <testcase name="CheckSignupButtonWhenEmilIsEntered" classname="practiceTest.TestSignUpPage" time="1.785">
    <system-out><![CDATA[2022-01-24 17:36:43 INFO  Log:28 - Testcase Verify  and validate the sign up page functionality when all the fields are empty. passed
2022-01-24 17:36:43 INFO  Log:28 - Verify  and validate the sign up page functionality with invalid email id and rest of the data should be empty.
2022-01-24 17:36:43 INFO  Log:28 - able to enter text test679272@gmail.com on email
2022-01-24 17:36:43 INFO  Log:28 - Signup button is not enabled
2022-01-24 17:36:44 INFO  Log:28 - clear  Emal textBox
2022-01-24 17:36:44 INFO  Log:28 - clear  username textBox
2022-01-24 17:36:45 INFO  Log:28 - clear  password textBox
]]></system-out>
  </testcase>
  <testcase name="CheckSignupButtonWhenPasswordIsEntered" classname="practiceTest.TestSignUpPage" time="2.188">
    <system-out><![CDATA[2022-01-24 17:36:45 INFO  Log:28 - Testcase Verify  and validate the sign up page functionality with invalid email id and rest of the data should be empty. passed
2022-01-24 17:36:45 INFO  Log:28 - Verify  and validate the sign up page functionality with valid username and email id and password field should be empty.
2022-01-24 17:36:45 INFO  Log:28 - able to enter text test403661@gmail.com on email
2022-01-24 17:36:46 INFO  Log:28 - able to enter text Y6mH51h on username
2022-01-24 17:36:46 INFO  Log:28 - Signup button is not enabled
2022-01-24 17:36:46 INFO  Log:28 - clear  Emal textBox
2022-01-24 17:36:47 INFO  Log:28 - clear  username textBox
2022-01-24 17:36:47 INFO  Log:28 - clear  password textBox
]]></system-out>
  </testcase>
  <testcase name="CheckSignupButtonWithValidData" classname="practiceTest.TestSignUpPage" time="1.983">
    <system-out><![CDATA[2022-01-24 17:36:47 INFO  Log:28 - Testcase Verify  and validate the sign up page functionality with valid username and email id and password field should be empty. passed
2022-01-24 17:36:48 INFO  Log:28 - Verify  and validate the sign up page functionality with valid username and email id and password.
2022-01-24 17:36:48 INFO  Log:28 - able to enter text NcRxNF8 on username
2022-01-24 17:36:48 INFO  Log:28 - able to enter text test548330@gmail.com on email
2022-01-24 17:36:48 INFO  Log:28 - able to enter text Mob$123 on password
2022-01-24 17:36:49 INFO  Log:28 - able to click on element [[ChromeDriver: chrome on MAC (af9d150b3a93a6a1214324cd3b4b54de)] -> xpath: //button[contains(text(),'Sign up')]]
2022-01-24 17:36:49 INFO  Log:28 - New Article Link is displayed
]]></system-out>
  </testcase>
</testsuite>